<?xml version="1.0" encoding="UTF-8"?>
<!-- Generated by org.testng.reporters.JUnitXMLReporter -->
<testsuite hostname="DESKTOP-4PBLL9U" ignored="0" name="RegisterationFormTest" tests="7" failures="0" timestamp="2020-05-14T12:36:18 EET" time="22.587" errors="0">
  <testcase name="validateAllFieldsMandatory" time="1.194" classname="registerPackage.AllFieldsMandatoryTest"/>
  <testcase name="validateAllFieldsMandatory" time="1.04" classname="registerPackage.AllFieldsMandatoryTest"/>
  <testcase name="validateAllFieldsMandatory" time="0.835" classname="registerPackage.AllFieldsMandatoryTest"/>
  <testcase name="validateAllFieldsMandatory" time="0.816" classname="registerPackage.AllFieldsMandatoryTest"/>
  <testcase name="validateAllFieldsMandatory" time="0.811" classname="registerPackage.AllFieldsMandatoryTest"/>
  <testcase name="validateAllFieldsMandatory" time="0.784" classname="registerPackage.AllFieldsMandatoryTest"/>
  <testcase name="validateAllFieldsMandatory" time="0.596" classname="registerPackage.AllFieldsMandatoryTest"/>
</testsuite> <!-- RegisterationFormTest -->
