<?xml version="1.0" encoding="UTF-8"?>
<!-- Generated by org.testng.reporters.JUnitXMLReporter -->
<testsuite hostname="DESKTOP-4PBLL9U" ignored="0" name="Test" tests="3" failures="0" timestamp="2020-05-08T16:49:43 EET" time="16.843" errors="0">
  <testcase name="AssertElementsExistOnPage" time="0.546" classname="registerPackage.RegisterSuccessfulTest"/>
  <testcase name="vaidateRegisterSuccess" time="0.001" classname="registerPackage.RegisterSuccessfulTest"/>
  <testcase name="validateEmailUnique" time="1.62" classname="registerPackage.RegisterSuccessfulTest"/>
</testsuite> <!-- Test -->
